[22-May-2022 08:57:33 -0400]: <msg5pcpt> RcubeUser::write() {"label":"Mobile App (TOTP)","created":1653224253,"secret":"6LUVCANLZI4K3G2Q"}
[22-May-2022 09:00:42 -0400]: <msg5pcpt> RcubeUser::read() totp:644be9f0a5b1bf991c1fef0c
[22-May-2022 09:00:42 -0400]: <msg5pcpt> RcubeUser::write() {"label":"Mobile App (TOTP)","created":1653224253,"secret":"6LUVCANLZI4K3G2Q","active":true}
[22-May-2022 09:01:08 -0400]: <msg5pcpt> RcubeUser::read() totp:644be9f0a5b1bf991c1fef0c
[22-May-2022 09:17:27 -0400]: <4cutfok9> RcubeUser::read() totp:644be9f0a5b1bf991c1fef0c
[22-May-2022 09:30:53 -0400]: <6jg30ht6> RcubeUser::read() totp:644be9f0a5b1bf991c1fef0c
[22-May-2022 09:31:10 -0400]: <ig442mc2> RcubeUser::read() totp:644be9f0a5b1bf991c1fef0c
[22-May-2022 09:31:36 -0400]: <ig442mc2> RcubeUser::read() totp:644be9f0a5b1bf991c1fef0c
[22-May-2022 09:32:21 -0400]: <2ormkd9l> RcubeUser::read() totp:644be9f0a5b1bf991c1fef0c
[22-May-2022 09:36:18 -0400]: <m2c5o0e8> RcubeUser::read() totp:644be9f0a5b1bf991c1fef0c
[22-May-2022 10:53:34 -0400]: <vfatf8ah> RcubeUser::read() totp:644be9f0a5b1bf991c1fef0c
[22-May-2022 12:08:13 -0400]: <g90hhe7v> RcubeUser::read() totp:644be9f0a5b1bf991c1fef0c
[22-May-2022 12:56:47 -0400]: <l4devbv9> RcubeUser::read() totp:644be9f0a5b1bf991c1fef0c
[22-May-2022 13:01:16 -0400]: <ptqv1v1s> RcubeUser::read() totp:644be9f0a5b1bf991c1fef0c
[22-May-2022 13:15:10 -0400]: <f190iqhj> RcubeUser::read() totp:644be9f0a5b1bf991c1fef0c
[22-May-2022 13:38:45 -0400]: <urvgflab> RcubeUser::read() totp:644be9f0a5b1bf991c1fef0c
[22-May-2022 14:22:26 -0400]: <p3f5b3n0> RcubeUser::read() totp:644be9f0a5b1bf991c1fef0c
[22-May-2022 14:22:47 -0400]: <c69da2mj> RcubeUser::read() totp:644be9f0a5b1bf991c1fef0c
[22-May-2022 14:37:39 -0400]: <c69da2mj> RcubeUser::read() totp:644be9f0a5b1bf991c1fef0c
[22-May-2022 14:37:54 -0400]: <1tmmp5mq> RcubeUser::read() totp:644be9f0a5b1bf991c1fef0c
[22-May-2022 14:44:09 -0400]: <l94oiavb> RcubeUser::read() totp:644be9f0a5b1bf991c1fef0c
[22-May-2022 14:44:24 -0400]: <qoiglbgo> RcubeUser::read() totp:644be9f0a5b1bf991c1fef0c
[22-May-2022 15:35:15 -0400]: <qoiglbgo> RcubeUser::read() totp:644be9f0a5b1bf991c1fef0c
[22-May-2022 15:37:18 -0400]: <c9c90to1> RcubeUser::read() totp:644be9f0a5b1bf991c1fef0c
[22-May-2022 17:35:46 -0400]: <32ge67ps> RcubeUser::read() totp:644be9f0a5b1bf991c1fef0c
[23-May-2022 10:08:54 -0400]: <tbnhgqbh> RcubeUser::read() totp:644be9f0a5b1bf991c1fef0c
[24-May-2022 10:05:57 -0400]: <8ksq68id> RcubeUser::read() totp:644be9f0a5b1bf991c1fef0c
[24-May-2022 16:29:20 -0400]: <4up671s8> RcubeUser::read() totp:644be9f0a5b1bf991c1fef0c
[24-May-2022 23:04:46 -0400]: <og25c058> RcubeUser::read() totp:644be9f0a5b1bf991c1fef0c
[25-May-2022 00:01:13 -0400]: <n0ebfs8q> RcubeUser::read() totp:644be9f0a5b1bf991c1fef0c
[25-May-2022 00:14:36 -0400]: <ci33gsae> RcubeUser::read() totp:644be9f0a5b1bf991c1fef0c
[25-May-2022 00:15:07 -0400]: <njaskhl5> RcubeUser::read() totp:644be9f0a5b1bf991c1fef0c
[25-May-2022 00:22:12 -0400]: <njaskhl5> RcubeUser::read() totp:644be9f0a5b1bf991c1fef0c
[25-May-2022 00:33:40 -0400]: <ibcn29k7> RcubeUser::read() totp:644be9f0a5b1bf991c1fef0c
[25-May-2022 00:35:16 -0400]: <6f0d6gfm> RcubeUser::read() totp:644be9f0a5b1bf991c1fef0c
[25-May-2022 00:39:17 -0400]: <8f8ngjak> RcubeUser::read() totp:644be9f0a5b1bf991c1fef0c
[25-May-2022 01:05:48 -0400]: <gdn5c90r> RcubeUser::read() totp:644be9f0a5b1bf991c1fef0c
[25-May-2022 01:09:36 -0400]: <nd3p1f6h> RcubeUser::read() totp:644be9f0a5b1bf991c1fef0c
[25-May-2022 01:12:54 -0400]: <6l9s3118> RcubeUser::read() totp:644be9f0a5b1bf991c1fef0c
[25-May-2022 01:14:35 -0400]: <erm3afae> RcubeUser::read() totp:644be9f0a5b1bf991c1fef0c
[25-May-2022 01:15:03 -0400]: <ehla9e8n> RcubeUser::read() totp:644be9f0a5b1bf991c1fef0c
[25-May-2022 14:43:59 -0400]: <m8qbmifu> RcubeUser::read() totp:644be9f0a5b1bf991c1fef0c
[25-May-2022 17:35:14 -0400]: <33f2kko2> RcubeUser::read() totp:644be9f0a5b1bf991c1fef0c
[25-May-2022 19:30:40 -0400]: <vc0tufho> RcubeUser::read() totp:644be9f0a5b1bf991c1fef0c
[25-May-2022 22:15:08 -0400]: <lbbbco8r> RcubeUser::read() totp:644be9f0a5b1bf991c1fef0c
[25-May-2022 23:30:06 -0400]: <heg87nh5> RcubeUser::read() totp:644be9f0a5b1bf991c1fef0c
[25-May-2022 23:30:39 -0400]: <heg87nh5> RcubeUser::read() totp:644be9f0a5b1bf991c1fef0c
[26-May-2022 09:25:12 -0400]: <61hpv16s> RcubeUser::read() totp:644be9f0a5b1bf991c1fef0c
[26-May-2022 16:33:50 -0400]: <lfvs14bl> RcubeUser::read() totp:644be9f0a5b1bf991c1fef0c
[27-May-2022 00:37:46 -0400]: <sreqsc7q> RcubeUser::read() totp:644be9f0a5b1bf991c1fef0c
[27-May-2022 10:01:32 -0400]: <1l4fsmg2> RcubeUser::read() totp:644be9f0a5b1bf991c1fef0c
[27-May-2022 19:13:00 -0400]: <g38u538a> RcubeUser::read() totp:644be9f0a5b1bf991c1fef0c
[27-May-2022 20:39:06 -0400]: <fenc5hvi> RcubeUser::read() totp:644be9f0a5b1bf991c1fef0c
[27-May-2022 20:41:06 -0400]: <scvgtto4> RcubeUser::read() totp:644be9f0a5b1bf991c1fef0c
[27-May-2022 22:00:36 -0400]: <si2gkdin> RcubeUser::read() totp:644be9f0a5b1bf991c1fef0c
[27-May-2022 22:21:19 -0400]: <uqcmd92o> RcubeUser::read() totp:644be9f0a5b1bf991c1fef0c
[28-May-2022 07:07:07 -0400]: <2cumidqv> RcubeUser::read() totp:644be9f0a5b1bf991c1fef0c
[28-May-2022 11:13:44 -0400]: <tg02i968> RcubeUser::read() totp:644be9f0a5b1bf991c1fef0c
[28-May-2022 11:15:51 -0400]: <ep270lr5> RcubeUser::read() totp:644be9f0a5b1bf991c1fef0c
[29-May-2022 08:02:57 -0400]: <bbol7mh4> RcubeUser::read() totp:644be9f0a5b1bf991c1fef0c
[07-Jun-2022 22:24:07 -0400]: <4tj0p98e> RcubeUser::read() totp:644be9f0a5b1bf991c1fef0c
[07-Jun-2022 22:24:37 -0400]: <4tj0p98e> RcubeUser::read() totp:644be9f0a5b1bf991c1fef0c
[07-Jun-2022 22:27:07 -0400]: <f6f7vfjt> RcubeUser::read() totp:644be9f0a5b1bf991c1fef0c
[08-Jun-2022 00:10:07 -0400]: <5in22klf> RcubeUser::read() totp:644be9f0a5b1bf991c1fef0c
[08-Jun-2022 09:20:28 -0400]: <u94pqv4o> RcubeUser::read() totp:644be9f0a5b1bf991c1fef0c
[14-Jun-2022 16:55:16 -0400]: <35onapg7> RcubeUser::read() totp:644be9f0a5b1bf991c1fef0c
[16-Jun-2022 11:53:25 -0400]: <v9hvcn86> RcubeUser::read() totp:644be9f0a5b1bf991c1fef0c
[16-Jun-2022 11:58:38 -0400]: <u2ri99r4> RcubeUser::read() totp:644be9f0a5b1bf991c1fef0c
[16-Jun-2022 12:00:23 -0400]: <r223uvhj> RcubeUser::read() totp:644be9f0a5b1bf991c1fef0c
[16-Jun-2022 12:00:37 -0400]: <c3e3rre4> RcubeUser::read() totp:644be9f0a5b1bf991c1fef0c
[16-Jun-2022 12:03:23 -0400]: <c3e3rre4> RcubeUser::read() totp:644be9f0a5b1bf991c1fef0c
[18-Jun-2022 20:07:36 -0400]: <n4mrivcp> RcubeUser::read() totp:644be9f0a5b1bf991c1fef0c
[18-Jun-2022 20:30:29 -0400]: <578706i2> RcubeUser::write() {"label":"Mobile App (TOTP)","created":1655598629,"secret":"K6D2B7CRACSYGRLY"}
[20-Jun-2022 21:24:53 -0400]: <qgac5jbr> RcubeUser::read() totp:644be9f0a5b1bf991c1fef0c
[21-Jun-2022 05:39:05 -0400]: <rjd27l2a> RcubeUser::read() totp:644be9f0a5b1bf991c1fef0c
[21-Jun-2022 07:18:27 -0400]: <n8j30714> RcubeUser::read() totp:644be9f0a5b1bf991c1fef0c
[21-Jun-2022 10:08:27 -0400]: <v0n0a86i> RcubeUser::read() totp:644be9f0a5b1bf991c1fef0c
[21-Jun-2022 20:06:27 -0400]: <i80d66d4> RcubeUser::read() totp:644be9f0a5b1bf991c1fef0c
[25-Jun-2022 02:21:31 -0400]: <caknpdre> RcubeUser::write() {"label":"Mobile App (TOTP)","created":1656138091,"secret":"U6O63CLX3SUBNLGU"}
[25-Jun-2022 02:21:52 -0400]: <rjdvp0gv> RcubeUser::write() {"label":"Mobile App (TOTP)","created":1656138112,"secret":"AGWID4AXRNSPIYTO"}
[25-Jun-2022 02:23:05 -0400]: <rjdvp0gv> RcubeUser::read() totp:631752e41939515788eeb0b8
[25-Jun-2022 02:23:05 -0400]: <rjdvp0gv> RcubeUser::write() {"label":"Mobile App (TOTP)","created":1656138112,"secret":"AGWID4AXRNSPIYTO","active":true}
[25-Jun-2022 02:23:23 -0400]: <rjdvp0gv> RcubeUser::read() totp:631752e41939515788eeb0b8
[30-Jun-2022 17:26:20 -0400]: <541j9m6b> RcubeUser::read() totp:631752e41939515788eeb0b8
[30-Jun-2022 19:39:44 -0400]: <obatv12u> RcubeUser::read() totp:631752e41939515788eeb0b8
[02-Jul-2022 17:52:04 -0400]: <r4cfu1fc> RcubeUser::read() totp:631752e41939515788eeb0b8
[02-Jul-2022 17:52:14 -0400]: <unpd29ll> RcubeUser::read() totp:631752e41939515788eeb0b8
[02-Jul-2022 19:34:37 -0400]: <lnf2bf46> RcubeUser::read() totp:631752e41939515788eeb0b8
[02-Jul-2022 19:35:09 -0400]: <a5pv85ip> RcubeUser::read() totp:631752e41939515788eeb0b8
[02-Jul-2022 19:58:08 -0400]: <ohhaumqs> RcubeUser::read() totp:631752e41939515788eeb0b8
[02-Jul-2022 19:58:36 -0400]: <oddpb3gj> RcubeUser::read() totp:631752e41939515788eeb0b8
[02-Jul-2022 20:00:54 -0400]: <24l1hr6n> RcubeUser::read() totp:631752e41939515788eeb0b8
[02-Jul-2022 20:25:34 -0400]: <a5pv85ip> RcubeUser::read() totp:631752e41939515788eeb0b8
[02-Jul-2022 20:25:50 -0400]: <p5blfco8> RcubeUser::read() totp:631752e41939515788eeb0b8
[02-Jul-2022 20:36:25 -0400]: <ob787dg5> RcubeUser::read() totp:631752e41939515788eeb0b8
[03-Jul-2022 09:02:58 -0400]: <uqsmc5p9> RcubeUser::read() totp:631752e41939515788eeb0b8
